<?xml version="1.0" encoding="UTF-8"?>
<!-- Generated by org.testng.reporters.JUnitReportReporter -->
<testsuite skipped="0" hostname="AIPL-LT-519" name="qaclickacademy.AppiumTestTest" tests="1" failures="0" timestamp="22 Oct 2019 11:22:55 GMT" time="0.008" errors="0">
  <testcase name="f" time="0.008" classname="qaclickacademy.AppiumTestTest"/>
</testsuite> <!-- qaclickacademy.AppiumTestTest -->
