<?xml version="1.0" encoding="UTF-8"?>
<!-- Generated by org.testng.reporters.JUnitReportReporter -->
<testsuite skipped="0" hostname="AIPL-SEZ-LT-158" name="testpackage.Class3" tests="3" failures="0" timestamp="22 Sep 2019 16:07:24 GMT" time="0.009" errors="0">
  <testcase name="dataprocessing" time="0.001" classname="testpackage.Class3"/>
  <testcase name="dataprocessing" time="0.000" classname="testpackage.Class3"/>
  <testcase name="dataprocessing" time="0.008" classname="testpackage.Class3"/>
</testsuite> <!-- testpackage.Class3 -->
