<?xml version="1.0" encoding="UTF-8"?>
<!-- Generated by org.testng.reporters.JUnitReportReporter -->
<testsuite skipped="0" hostname="GurpreetSingh" name="crossbrowser.VerifyTitle" tests="1" failures="0" timestamp="30 Jun 2017 21:54:21 GMT" time="25.311" errors="0">
  <testcase name="verifyTitle" time="25.311" classname="crossbrowser.VerifyTitle"/>
</testsuite> <!-- crossbrowser.VerifyTitle -->
