<?xml version="1.0" encoding="UTF-8"?>
<!-- Generated by org.testng.reporters.JUnitReportReporter -->
<testsuite skipped="0" hostname="AIPL-LT-519" name="linkedIn.linkedIn" tests="1" failures="0" timestamp="2019-11-20T12:50:46 IST" time="4.405" errors="0">
  <testcase name="login" time="4.405" classname="linkedIn.linkedIn"/>
</testsuite> <!-- linkedIn.linkedIn -->
