<?xml version="1.0" encoding="UTF-8"?>
<!-- Generated by org.testng.reporters.JUnitReportReporter -->
<testsuite skipped="0" hostname="AIPL-LT-519" name="qaclickacademy.SeleniumTest" tests="2" failures="0" timestamp="2019-10-22T17:02:48 IST" time="0.020" errors="0">
  <testcase name="BrowserAUtomation" time="0.016" classname="qaclickacademy.SeleniumTest"/>
  <testcase name="elementsUi" time="0.004" classname="qaclickacademy.SeleniumTest"/>
</testsuite> <!-- qaclickacademy.SeleniumTest -->
