<?xml version="1.0" encoding="UTF-8"?>
<!-- Generated by org.testng.reporters.JUnitReportReporter -->
<testsuite skipped="0" hostname="AIPL-SEZ-LT-158" name="qaclickacademy.AppiumTest" tests="2" failures="0" timestamp="15 Oct 2019 16:12:20 GMT" time="0.027" errors="0">
  <testcase name="NativeAPpAndroid" time="0.001" classname="qaclickacademy.AppiumTest"/>
  <testcase name="IOSApps" time="0.026" classname="qaclickacademy.AppiumTest"/>
</testsuite> <!-- qaclickacademy.AppiumTest -->
